mode: set
prixa-assesment/app/handler/url_shorten.go:19.70,37.17 7 1
prixa-assesment/app/handler/url_shorten.go:44.2,46.16 3 1
prixa-assesment/app/handler/url_shorten.go:67.2,67.59 1 1
prixa-assesment/app/handler/url_shorten.go:37.17,42.3 4 1
prixa-assesment/app/handler/url_shorten.go:46.16,51.17 3 1
prixa-assesment/app/handler/url_shorten.go:61.3,61.18 1 1
prixa-assesment/app/handler/url_shorten.go:64.3,64.11 1 1
prixa-assesment/app/handler/url_shorten.go:51.17,54.18 3 1
prixa-assesment/app/handler/url_shorten.go:54.18,58.5 3 1
prixa-assesment/app/handler/url_shorten.go:61.18,62.9 1 1
prixa-assesment/app/handler/url_shorten.go:70.36,74.2 3 1
prixa-assesment/app/handler/handler.go:24.74,29.2 1 1
prixa-assesment/app/handler/handler.go:31.49,37.2 2 1
prixa-assesment/app/handler/url_get.go:18.66,24.16 5 1
prixa-assesment/app/handler/url_get.go:30.2,32.16 3 1
prixa-assesment/app/handler/url_get.go:38.2,43.16 5 1
prixa-assesment/app/handler/url_get.go:49.2,50.77 2 1
prixa-assesment/app/handler/url_get.go:54.2,55.44 2 1
prixa-assesment/app/handler/url_get.go:24.16,28.3 3 1
prixa-assesment/app/handler/url_get.go:32.16,36.3 3 1
prixa-assesment/app/handler/url_get.go:43.16,47.3 3 1
prixa-assesment/app/handler/url_get.go:50.77,52.3 1 1
prixa-assesment/app/handler/url_get_status.go:15.77,21.16 5 1
prixa-assesment/app/handler/url_get_status.go:27.2,29.16 3 1
prixa-assesment/app/handler/url_get_status.go:35.2,35.56 1 1
prixa-assesment/app/handler/url_get_status.go:21.16,25.3 3 1
prixa-assesment/app/handler/url_get_status.go:29.16,33.3 3 1
