mode: set
prixa-assesment/app/db/redis/redis.go:25.102,32.36 4 1
prixa-assesment/app/db/redis/redis.go:45.2,51.19 2 1
prixa-assesment/app/db/redis/redis.go:32.36,34.18 2 1
prixa-assesment/app/db/redis/redis.go:37.4,37.17 1 0
prixa-assesment/app/db/redis/redis.go:34.18,36.5 1 1
prixa-assesment/app/db/redis/redis.go:39.55,42.4 2 0
prixa-assesment/app/db/redis/redis.go:55.46,57.23 2 1
prixa-assesment/app/db/redis/redis.go:60.2,63.25 3 1
prixa-assesment/app/db/redis/redis.go:70.2,70.13 1 1
prixa-assesment/app/db/redis/redis.go:57.23,59.3 1 1
prixa-assesment/app/db/redis/redis.go:63.25,66.3 2 1
prixa-assesment/app/db/redis/redis.go:66.8,66.23 1 1
prixa-assesment/app/db/redis/redis.go:66.23,68.3 1 1
prixa-assesment/app/db/redis/redis.go:74.58,76.16 2 1
prixa-assesment/app/db/redis/redis.go:80.2,81.23 2 1
prixa-assesment/app/db/redis/redis.go:84.2,87.16 3 1
prixa-assesment/app/db/redis/redis.go:91.2,91.12 1 1
prixa-assesment/app/db/redis/redis.go:76.16,78.3 1 1
prixa-assesment/app/db/redis/redis.go:81.23,83.3 1 1
prixa-assesment/app/db/redis/redis.go:87.16,89.3 1 1
prixa-assesment/app/db/redis/redis.go:95.54,97.23 2 1
prixa-assesment/app/db/redis/redis.go:100.2,103.25 3 1
prixa-assesment/app/db/redis/redis.go:110.2,110.18 1 1
prixa-assesment/app/db/redis/redis.go:97.23,99.3 1 1
prixa-assesment/app/db/redis/redis.go:103.25,106.3 2 1
prixa-assesment/app/db/redis/redis.go:106.8,106.23 1 1
prixa-assesment/app/db/redis/redis.go:106.23,108.3 1 1
